Arguments: 
  /usr/local/bin/node /usr/local/bin/yarn add express zod config cors express mongoose pino pino-pretty dayjs bcrypt jsonwebtoken lodash nanoid

PATH: 
  /Library/Frameworks/Python.framework/Versions/3.10/bin:/usr/local/bin:/usr/bin:/bin:/usr/sbin:/sbin:/opt/homebrew/bin:/opt/homebrew/bin

Yarn version: 
  1.22.17

Node version: 
  16.13.0

Platform: 
  darwin arm64

Trace: 
  Error: EACCES: permission denied, unlink '/Users/m1/Desktop/My Files/Code/Test Codes/Test-API/node_modules/.bin/color-support'

npm manifest: 
  {
    "name": "Test-API",
    "version": "1.0.0",
    "main": "index.js",
    "license": "MIT",
    "dependencies": {
      "bcrypt-nodejs": "^0.0.3",
      "bcryptjs": "^2.4.3",
      "express": "^4.17.1"
    }
  }

yarn manifest: 
  No manifest

Lockfile: 
  
